2024-11-26 15:06:11:611 [32minfo[39m: [32mConnected to MongoDB[39m
2024-11-26 15:06:33:633 [35mhttp[39m: [35mGET / 200 31 - 3.164 ms[39m
[35m[39m
2024-11-26 15:06:33:633 [31merror[39m: [31mNot found[39m
2024-11-26 15:06:33:633 [35mhttp[39m: [35mGET /favicon.ico 404 1092 - 8.823 ms[39m
[35m[39m
2024-11-26 15:06:40:640 [31merror[39m: [31mUser validation failed: wallet: Path `wallet` is required., profileImage: Path `profileImage` is required.[39m
2024-11-26 15:06:40:640 [35mhttp[39m: [35mPOST /api/user 400 658 - 30.588 ms[39m
[35m[39m
2024-11-26 15:10:57:1057 [32minfo[39m: [32mConnected to MongoDB[39m
2024-11-26 15:11:04:114 [32minfo[39m: [32mConnected to MongoDB[39m
2024-11-26 15:11:11:1111 [35mhttp[39m: [35mPOST /api/user 201 258 - 43.070 ms[39m
[35m[39m
2024-11-26 15:20:46:2046 [32minfo[39m: [32mConnected to MongoDB[39m
2024-11-26 15:20:49:2049 [32minfo[39m: [32mConnected to MongoDB[39m
2024-11-26 15:20:51:2051 [32minfo[39m: [32mConnected to MongoDB[39m
2024-11-26 15:20:59:2059 [32minfo[39m: [32mConnected to MongoDB[39m
2024-11-26 15:21:25:2125 [32minfo[39m: [32mConnected to MongoDB[39m
2024-11-26 15:21:28:2128 [31merror[39m: [31mEmail already exists[39m
2024-11-26 15:21:28:2128 [35mhttp[39m: [35mPOST /api/user 400 397 - 27.828 ms[39m
[35m[39m
2024-11-26 15:21:35:2135 [31merror[39m: [31mUser validation failed: wallet: Path `wallet` is required., profileImage: Path `profileImage` is required.[39m
2024-11-26 15:21:35:2135 [35mhttp[39m: [35mPOST /api/user 400 658 - 16.059 ms[39m
[35m[39m
2024-11-26 15:22:17:2217 [32minfo[39m: [32mConnected to MongoDB[39m
2024-11-26 15:38:23:3823 [32minfo[39m: [32mConnected to MongoDB[39m
2024-11-26 15:38:41:3841 [32minfo[39m: [32mConnected to MongoDB[39m
2024-11-26 16:05:42:542 [32minfo[39m: [32mConnected to MongoDB[39m
2024-11-26 16:26:39:2639 [32minfo[39m: [32mConnected to MongoDB[39m
2024-11-26 16:26:49:2649 [31merror[39m: [31m"email" is not allowed, "username" is not allowed, "password" is not allowed[39m
2024-11-26 16:26:49:2649 [35mhttp[39m: [35mPOST /api/auth 400 1339 - 19.889 ms[39m
[35m[39m
2024-11-26 16:26:52:2652 [35mhttp[39m: [35mGET /api/auth 200 57 - 2.910 ms[39m
[35m[39m
2024-11-26 16:27:02:272 [32minfo[39m: [32mConnected to MongoDB[39m
2024-11-26 16:27:05:275 [35mhttp[39m: [35mGET /api/auth 200 121 - 16.968 ms[39m
[35m[39m
2024-11-26 16:28:35:2835 [31merror[39m: [31m"wallet" is not allowed[39m
2024-11-26 16:28:35:2835 [35mhttp[39m: [35mPOST /api/auth 400 1225 - 13.950 ms[39m
[35m[39m
2024-11-26 16:29:07:297 [31merror[39m: [31m"wallet" is not allowed[39m
2024-11-26 16:29:07:297 [35mhttp[39m: [35mPOST /api/auth 400 1225 - 6.267 ms[39m
[35m[39m
2024-11-26 16:29:49:2949 [32minfo[39m: [32mConnected to MongoDB[39m
2024-11-26 16:29:52:2952 [31merror[39m: [31m"wallet" is not allowed[39m
2024-11-26 16:29:52:2952 [35mhttp[39m: [35mPOST /api/auth 400 1225 - 13.861 ms[39m
[35m[39m
2024-11-26 16:30:34:3034 [32minfo[39m: [32mConnected to MongoDB[39m
2024-11-26 16:30:36:3036 [31merror[39m: [31m"wallet" is not allowed[39m
2024-11-26 16:30:36:3036 [35mhttp[39m: [35mPOST /api/auth 400 1225 - 19.995 ms[39m
[35m[39m
2024-11-26 16:31:02:312 [32minfo[39m: [32mConnected to MongoDB[39m
2024-11-26 16:31:28:3128 [32minfo[39m: [32mConnected to MongoDB[39m
2024-11-26 16:31:34:3134 [31merror[39m: [31m"wallet" is not allowed[39m
2024-11-26 16:31:34:3134 [35mhttp[39m: [35mPOST /api/auth 400 1225 - 11.365 ms[39m
[35m[39m
2024-11-26 16:32:07:327 [31merror[39m: [31m"wallet" is not allowed[39m
2024-11-26 16:32:07:327 [35mhttp[39m: [35mPOST /api/auth 400 1225 - 5.730 ms[39m
[35m[39m
2024-11-26 16:32:36:3236 [32minfo[39m: [32mConnected to MongoDB[39m
2024-11-26 16:32:38:3238 [31merror[39m: [31mCannot read properties of undefined (reading 'verifyMessage')[39m
2024-11-26 16:32:38:3238 [35mhttp[39m: [35mPOST /api/auth 500 860 - 18.935 ms[39m
[35m[39m
2024-11-26 16:32:51:3251 [32minfo[39m: [32mConnected to MongoDB[39m
2024-11-26 16:32:56:3256 [31merror[39m: [31mCannot read properties of undefined (reading 'verifyMessage')[39m
2024-11-26 16:32:56:3256 [35mhttp[39m: [35mPOST /api/auth 500 860 - 20.002 ms[39m
[35m[39m
2024-11-26 16:33:12:3312 [32minfo[39m: [32mConnected to MongoDB[39m
2024-11-26 16:33:13:3313 [31merror[39m: [31mCannot read properties of undefined (reading 'verifyMessage')[39m
2024-11-26 16:33:13:3313 [35mhttp[39m: [35mPOST /api/auth 500 860 - 20.944 ms[39m
[35m[39m
2024-11-26 16:33:56:3356 [32minfo[39m: [32mConnected to MongoDB[39m
2024-11-26 16:33:58:3358 [31merror[39m: [31minvalid BytesLike value (argument="signature", value="312", code=INVALID_ARGUMENT, version=6.13.4)[39m
2024-11-26 16:33:58:3358 [35mhttp[39m: [35mPOST /api/auth 500 1389 - 23.679 ms[39m
[35m[39m
2024-11-26 16:36:59:3659 [31merror[39m: [31minvalid raw signature length (argument="signature", value="0xD837ab1cE7e4eA9B1F1173e31Ab90a3a57318546", code=INVALID_ARGUMENT, version=6.13.4)[39m
2024-11-26 16:36:59:3659 [35mhttp[39m: [35mPOST /api/auth 500 1415 - 7.996 ms[39m
[35m[39m
2024-11-26 16:37:51:3751 [35mhttp[39m: [35mGET /api/auth 200 121 - 2.923 ms[39m
[35m[39m
2024-11-26 16:40:52:4052 [32minfo[39m: [32mConnected to MongoDB[39m
2024-11-26 16:41:05:415 [32minfo[39m: [32mConnected to MongoDB[39m
2024-11-26 16:41:10:4110 [31merror[39m: [31minvalid raw signature length (argument="signature", value="0xD837ab1cE7e4eA9B1F1173e31Ab90a3a57318546", code=INVALID_ARGUMENT, version=6.13.4)[39m
2024-11-26 16:41:10:4110 [35mhttp[39m: [35mPOST /api/auth 500 1415 - 23.731 ms[39m
[35m[39m
2024-11-26 16:41:14:4114 [35mhttp[39m: [35mGET /api/auth 200 189 - 54.191 ms[39m
[35m[39m
2024-11-26 16:41:52:4152 [32minfo[39m: [32mConnected to MongoDB[39m
2024-11-26 16:41:57:4157 [35mhttp[39m: [35mPOST /api/auth 200 95 - 43.154 ms[39m
[35m[39m
2024-11-26 16:42:15:4215 [32minfo[39m: [32mConnected to MongoDB[39m
2024-11-26 16:42:17:4217 [35mhttp[39m: [35mPOST /api/auth 200 95 - 42.184 ms[39m
[35m[39m
2024-11-26 16:42:45:4245 [32minfo[39m: [32mConnected to MongoDB[39m
2024-11-26 16:45:25:4525 [32minfo[39m: [32mConnected to MongoDB[39m
2024-11-26 16:45:29:4529 [32minfo[39m: [32mConnected to MongoDB[39m
2024-11-27 08:33:51:3351 [32minfo[39m: [32mConnected to MongoDB[39m
2024-11-27 08:42:19:4219 [32minfo[39m: [32mConnected to MongoDB[39m
2024-11-27 08:42:33:4233 [32minfo[39m: [32mConnected to MongoDB[39m
2024-11-27 08:46:16:4616 [32minfo[39m: [32mConnected to MongoDB[39m
2024-11-27 08:48:24:4824 [32minfo[39m: [32mConnected to MongoDB[39m
2024-11-27 08:48:33:4833 [32minfo[39m: [32mConnected to MongoDB[39m
2024-11-27 08:52:50:5250 [32minfo[39m: [32mConnected to MongoDB[39m
2024-11-27 08:58:48:5848 [32minfo[39m: [32mConnected to MongoDB[39m
2024-11-27 09:00:35:035 [32minfo[39m: [32mConnected to MongoDB[39m
2024-11-27 09:01:13:113 [32minfo[39m: [32mConnected to MongoDB[39m
2024-11-27 09:01:20:120 [32minfo[39m: [32mConnected to MongoDB[39m
2024-11-27 09:01:39:139 [32minfo[39m: [32mConnected to MongoDB[39m
2024-11-27 09:02:44:244 [32minfo[39m: [32mConnected to MongoDB[39m
2024-11-27 09:05:13:513 [32minfo[39m: [32mConnected to MongoDB[39m
2024-11-27 09:05:31:531 [32minfo[39m: [32mConnected to MongoDB[39m
2024-11-27 09:05:48:548 [32minfo[39m: [32mConnected to MongoDB[39m
2024-11-27 09:07:12:712 [32minfo[39m: [32mConnected to MongoDB[39m
2024-11-27 09:12:53:1253 [32minfo[39m: [32mConnected to MongoDB[39m
2024-11-27 09:13:33:1333 [32minfo[39m: [32mConnected to MongoDB[39m
2024-11-27 09:14:04:144 [32minfo[39m: [32mConnected to MongoDB[39m
2024-11-27 09:14:17:1417 [32minfo[39m: [32mConnected to MongoDB[39m
2024-11-27 09:14:21:1421 [32minfo[39m: [32mConnected to MongoDB[39m
2024-11-27 09:14:56:1456 [32minfo[39m: [32mConnected to MongoDB[39m
2024-11-27 09:15:37:1537 [32minfo[39m: [32mConnected to MongoDB[39m
2024-11-27 09:15:37:1537 [32minfo[39m: [32mConnected to MongoDB[39m
2024-11-27 09:15:50:1550 [32minfo[39m: [32mConnected to MongoDB[39m
2024-11-27 09:16:10:1610 [32minfo[39m: [32mConnected to MongoDB[39m
2024-11-27 09:16:19:1619 [32minfo[39m: [32mConnected to MongoDB[39m
2024-11-27 15:33:37:3337 [32minfo[39m: [32mConnected to MongoDB[39m
2024-11-27 15:35:37:3537 [32minfo[39m: [32mConnected to MongoDB[39m
2024-11-28 09:35:20:3520 [32minfo[39m: [32mConnected to MongoDB[39m
2024-11-28 09:39:18:3918 [32minfo[39m: [32mConnected to MongoDB[39m
2024-11-28 09:39:21:3921 [32minfo[39m: [32mConnected to MongoDB[39m
2024-11-28 09:39:22:3922 [32minfo[39m: [32mConnected to MongoDB[39m
2024-11-28 09:39:38:3938 [32minfo[39m: [32mConnected to MongoDB[39m
2024-11-28 09:39:57:3957 [32minfo[39m: [32mConnected to MongoDB[39m
2024-11-28 10:18:35:1835 [32minfo[39m: [32mConnected to MongoDB[39m
2024-11-28 10:36:38:3638 [32minfo[39m: [32mConnected to MongoDB[39m
2024-11-28 10:44:47:4447 [32minfo[39m: [32mConnected to MongoDB[39m
2024-11-28 10:45:14:4514 [32minfo[39m: [32mConnected to MongoDB[39m
2024-11-28 10:45:20:4520 [32minfo[39m: [32mConnected to MongoDB[39m
2024-11-28 11:01:19:119 [32minfo[39m: [32mConnected to MongoDB[39m
2024-11-28 11:06:51:651 [32minfo[39m: [32mConnected to MongoDB[39m
2024-11-28 11:08:00:80 [32minfo[39m: [32mConnected to MongoDB[39m
2024-11-28 11:08:21:821 [32minfo[39m: [32mConnected to MongoDB[39m
2024-11-28 11:09:41:941 [32minfo[39m: [32mConnected to MongoDB[39m
2024-11-28 11:09:45:945 [32minfo[39m: [32mConnected to MongoDB[39m
2024-11-28 14:06:21:621 [32minfo[39m: [32mConnected to MongoDB[39m
2024-11-30 06:55:38:5538 [32minfo[39m: [32mConnected to MongoDB[39m
2024-11-30 06:58:08:588 [32minfo[39m: [32mConnected to MongoDB[39m
2024-11-30 06:59:47:5947 [32minfo[39m: [32mConnected to MongoDB[39m
2024-11-30 07:08:56:856 [32minfo[39m: [32mConnected to MongoDB[39m
2024-11-30 07:09:54:954 [32minfo[39m: [32mConnected to MongoDB[39m
2024-11-30 07:10:06:106 [32minfo[39m: [32mConnected to MongoDB[39m
2024-11-30 07:10:13:1013 [32minfo[39m: [32mConnected to MongoDB[39m
2024-11-30 07:10:17:1017 [32minfo[39m: [32mConnected to MongoDB[39m
2024-11-30 07:17:09:179 [32minfo[39m: [32mConnected to MongoDB[39m
2024-11-30 07:29:26:2926 [32minfo[39m: [32mConnected to MongoDB[39m
2024-11-30 07:47:21:4721 [32minfo[39m: [32mConnected to MongoDB[39m
2024-11-30 08:19:04:194 [32minfo[39m: [32mConnected to MongoDB[39m
2024-11-30 08:20:45:2045 [32minfo[39m: [32mConnected to MongoDB[39m
2024-11-30 10:16:09:169 [32minfo[39m: [32mConnected to MongoDB[39m
2024-11-30 10:16:11:1611 [32minfo[39m: [32mConnected to MongoDB[39m
2024-11-30 10:17:55:1755 [32minfo[39m: [32mConnected to MongoDB[39m
2024-11-30 10:18:06:186 [32minfo[39m: [32mConnected to MongoDB[39m
2024-11-30 10:18:38:1838 [32minfo[39m: [32mConnected to MongoDB[39m
2024-11-30 10:18:41:1841 [32minfo[39m: [32mConnected to MongoDB[39m
2024-11-30 10:19:36:1936 [32minfo[39m: [32mConnected to MongoDB[39m
2024-11-30 10:21:14:2114 [32minfo[39m: [32mConnected to MongoDB[39m
2024-11-30 10:23:59:2359 [32minfo[39m: [32mConnected to MongoDB[39m
2024-11-30 10:45:53:4553 [32minfo[39m: [32mConnected to MongoDB[39m
2024-11-30 10:53:19:5319 [32minfo[39m: [32mConnected to MongoDB[39m
2024-11-30 10:59:18:5918 [32minfo[39m: [32mConnected to MongoDB[39m
2024-11-30 10:59:46:5946 [32minfo[39m: [32mConnected to MongoDB[39m
2024-11-30 11:09:10:910 [32minfo[39m: [32mConnected to MongoDB[39m
2024-11-30 11:17:33:1733 [32minfo[39m: [32mConnected to MongoDB[39m
2024-11-30 11:19:54:1954 [32minfo[39m: [32mConnected to MongoDB[39m
2024-11-30 11:26:31:2631 [32minfo[39m: [32mConnected to MongoDB[39m
2024-11-30 11:30:49:3049 [32minfo[39m: [32mConnected to MongoDB[39m
2024-11-30 11:33:38:3338 [32minfo[39m: [32mConnected to MongoDB[39m
2024-11-30 11:34:07:347 [32minfo[39m: [32mConnected to MongoDB[39m
2024-11-30 11:35:06:356 [32minfo[39m: [32mConnected to MongoDB[39m
2024-11-30 11:36:15:3615 [32minfo[39m: [32mConnected to MongoDB[39m
2024-11-30 11:36:33:3633 [32minfo[39m: [32mConnected to MongoDB[39m
2024-11-30 11:38:20:3820 [32minfo[39m: [32mConnected to MongoDB[39m
2024-11-30 11:39:15:3915 [32minfo[39m: [32mConnected to MongoDB[39m
2024-11-30 11:40:03:403 [32minfo[39m: [32mConnected to MongoDB[39m
2024-11-30 11:41:39:4139 [32minfo[39m: [32mConnected to MongoDB[39m
2024-11-30 11:41:54:4154 [32minfo[39m: [32mConnected to MongoDB[39m
2024-11-30 11:42:40:4240 [32minfo[39m: [32mConnected to MongoDB[39m
2024-11-30 11:43:29:4329 [32minfo[39m: [32mConnected to MongoDB[39m
2024-11-30 11:43:45:4345 [32minfo[39m: [32mConnected to MongoDB[39m
2024-11-30 11:44:07:447 [32minfo[39m: [32mConnected to MongoDB[39m
2024-11-30 11:44:35:4435 [32minfo[39m: [32mConnected to MongoDB[39m
2024-11-30 11:45:08:458 [32minfo[39m: [32mConnected to MongoDB[39m
2024-11-30 11:46:13:4613 [32minfo[39m: [32mConnected to MongoDB[39m
2024-11-30 11:47:23:4723 [32minfo[39m: [32mConnected to MongoDB[39m
2024-11-30 11:50:46:5046 [32minfo[39m: [32mConnected to MongoDB[39m
2024-11-30 11:51:01:511 [32minfo[39m: [32mConnected to MongoDB[39m
2024-11-30 11:51:05:515 [32minfo[39m: [32mConnected to MongoDB[39m
2024-11-30 11:51:36:5136 [32minfo[39m: [32mConnected to MongoDB[39m
2024-11-30 11:51:43:5143 [32minfo[39m: [32mConnected to MongoDB[39m
2024-11-30 11:54:15:5415 [32minfo[39m: [32mConnected to MongoDB[39m
2024-12-01 08:01:52:152 [32minfo[39m: [32mConnected to MongoDB[39m
2024-12-01 08:03:02:32 [32minfo[39m: [32mConnected to MongoDB[39m
2024-12-01 08:04:24:424 [32minfo[39m: [32mConnected to MongoDB[39m
2024-12-01 08:14:17:1417 [32minfo[39m: [32mConnected to MongoDB[39m
2024-12-01 08:14:21:1421 [32minfo[39m: [32mConnected to MongoDB[39m
2024-12-01 08:15:32:1532 [32minfo[39m: [32mConnected to MongoDB[39m
2024-12-01 08:23:31:2331 [32minfo[39m: [32mConnected to MongoDB[39m
2024-12-01 08:29:32:2932 [32minfo[39m: [32mConnected to MongoDB[39m
2024-12-01 09:13:37:1337 [32minfo[39m: [32mConnected to MongoDB[39m
2024-12-01 09:13:54:1354 [32minfo[39m: [32mConnected to MongoDB[39m
2024-12-01 09:17:36:1736 [32minfo[39m: [32mConnected to MongoDB[39m
2024-12-01 09:20:04:204 [32minfo[39m: [32mConnected to MongoDB[39m
2024-12-01 09:39:47:3947 [32minfo[39m: [32mConnected to MongoDB[39m
2024-12-01 09:54:53:5453 [32minfo[39m: [32mConnected to MongoDB[39m
2024-12-01 10:11:13:1113 [35mhttp[39m: [35mGET /api/history 200 121 - 16.662 ms[39m
[35m[39m
2024-12-01 10:11:49:1149 [32minfo[39m: [32mConnected to MongoDB[39m
2024-12-01 10:11:54:1154 [31merror[39m: [31mCannot read properties of undefined (reading 'replace')[39m
2024-12-01 10:11:54:1154 [35mhttp[39m: [35mGET /api/history/play 500 594 - 28.763 ms[39m
[35m[39m
2024-12-01 10:14:10:1410 [31merror[39m: [31mCannot read properties of undefined (reading 'replace')[39m
2024-12-01 10:14:10:1410 [35mhttp[39m: [35mGET /api/history/play 500 594 - 15.394 ms[39m
[35m[39m
2024-12-01 10:14:22:1422 [32minfo[39m: [32mConnected to MongoDB[39m
2024-12-01 10:15:15:1515 [31merror[39m: [31mDo not know how to serialize a BigInt[39m
2024-12-01 10:15:15:1515 [35mhttp[39m: [35mGET /api/history/play 500 690 - 28.006 ms[39m
[35m[39m
2024-12-01 10:17:19:1719 [31merror[39m: [31mDo not know how to serialize a BigInt[39m
2024-12-01 10:17:19:1719 [35mhttp[39m: [35mGET /api/history/play 500 690 - 12.845 ms[39m
[35m[39m
2024-12-01 10:20:36:2036 [32minfo[39m: [32mConnected to MongoDB[39m
2024-12-01 10:20:37:2037 [31merror[39m: [31mDo not know how to serialize a BigInt[39m
2024-12-01 10:20:37:2037 [35mhttp[39m: [35mGET /api/history/play 500 690 - 27.366 ms[39m
[35m[39m
2024-12-01 10:20:40:2040 [31merror[39m: [31mDo not know how to serialize a BigInt[39m
2024-12-01 10:20:40:2040 [35mhttp[39m: [35mGET /api/history/play 500 690 - 9.003 ms[39m
[35m[39m
2024-12-01 10:20:46:2046 [32minfo[39m: [32mConnected to MongoDB[39m
2024-12-01 10:20:52:2052 [31merror[39m: [31mDo not know how to serialize a BigInt[39m
2024-12-01 10:20:52:2052 [35mhttp[39m: [35mGET /api/history/play 500 690 - 23.381 ms[39m
[35m[39m
2024-12-01 10:20:53:2053 [31merror[39m: [31mDo not know how to serialize a BigInt[39m
2024-12-01 10:20:53:2053 [35mhttp[39m: [35mGET /api/history/play 500 690 - 6.927 ms[39m
[35m[39m
2024-12-01 10:25:20:2520 [32minfo[39m: [32mConnected to MongoDB[39m
2024-12-01 10:30:47:3047 [32minfo[39m: [32mConnected to MongoDB[39m
2024-12-01 10:30:49:3049 [35mhttp[39m: [35mGET /api/history/play 200 976 - 23.192 ms[39m
[35m[39m
2024-12-01 10:31:32:3132 [32minfo[39m: [32mConnected to MongoDB[39m
2024-12-01 10:31:35:3135 [35mhttp[39m: [35mGET /api/history/play 200 976 - 25.127 ms[39m
[35m[39m
2024-12-01 10:31:50:3150 [32minfo[39m: [32mConnected to MongoDB[39m
2024-12-01 10:31:53:3153 [35mhttp[39m: [35mGET /api/history/play 200 976 - 24.387 ms[39m
[35m[39m
2024-12-01 10:33:09:339 [32minfo[39m: [32mConnected to MongoDB[39m
2024-12-01 10:33:10:3310 [35mhttp[39m: [35mGET /api/history/play 200 453 - 27.174 ms[39m
[35m[39m
2024-12-01 10:34:46:3446 [32minfo[39m: [32mConnected to MongoDB[39m
2024-12-01 10:36:27:3627 [32minfo[39m: [32mConnected to MongoDB[39m
2024-12-01 10:36:29:3629 [35mhttp[39m: [35mGET /api/history/play 200 451 - 23.893 ms[39m
[35m[39m
2024-12-01 10:37:39:3739 [32minfo[39m: [32mConnected to MongoDB[39m
2024-12-01 10:37:42:3742 [32minfo[39m: [32mConnected to MongoDB[39m
2024-12-01 10:37:47:3747 [32minfo[39m: [32mConnected to MongoDB[39m
2024-12-01 10:39:37:3937 [32minfo[39m: [32mConnected to MongoDB[39m
2024-12-01 10:40:26:4026 [32minfo[39m: [32mConnected to MongoDB[39m
2024-12-01 10:43:05:435 [32minfo[39m: [32mConnected to MongoDB[39m
